Using pre-set license
Built from '2020.3/release' branch; Version is '2020.3.2f1 (8fd9074bf66c) revision 9427207'; Using compiler version '192528614'; Build Type 'Release'
OS: 'Windows 10 Home Single Language; OS build 19044.1706; Version 2009; 64bit' Language: 'pt' Physical Memory: 8109 MB
BatchMode: 1, IsHumanControllingUs: 0, StartBugReporterOnCrash: 0, Is64bit: 1, IsPro: 0

 COMMAND LINE ARGUMENTS:
C:\Program Files\Unity\Hub\Editor\2020.3.2f1\Editor\Unity.exe
-adb2
-batchMode
-noUpm
-name
AssetImportWorker0
-projectPath
C:/Users/Higor/Documents/GitHub/HyperCasual
-logFile
Logs/AssetImportWorker0.log
-srvPort
59555
Successfully changed project path to: C:/Users/Higor/Documents/GitHub/HyperCasual
C:/Users/Higor/Documents/GitHub/HyperCasual
Using Asset Import Pipeline V2.
Refreshing native plugins compatible for Editor in 39.82 ms, found 0 plugins.
Preloading 0 native plugins for Editor in 0.00 ms.
Initialize engine version: 2020.3.2f1 (8fd9074bf66c)
[Subsystems] Discovering subsystems at path C:/Program Files/Unity/Hub/Editor/2020.3.2f1/Editor/Data/Resources/UnitySubsystems
[Subsystems] Discovering subsystems at path C:/Users/Higor/Documents/GitHub/HyperCasual/Assets
GfxDevice: creating device client; threaded=0
Direct3D:
    Version:  Direct3D 11.0 [level 11.0]
    Renderer: NVIDIA GeForce 940MX (ID=0x134d)
    Vendor:   
    VRAM:     2010 MB
    Driver:   30.0.15.1215
Initialize mono
Mono path[0] = 'C:/Program Files/Unity/Hub/Editor/2020.3.2f1/Editor/Data/Managed'
Mono path[1] = 'C:/Program Files/Unity/Hub/Editor/2020.3.2f1/Editor/Data/MonoBleedingEdge/lib/mono/unityjit'
Mono config path = 'C:/Program Files/Unity/Hub/Editor/2020.3.2f1/Editor/Data/MonoBleedingEdge/etc'
Using monoOptions --debugger-agent=transport=dt_socket,embedding=1,server=y,suspend=n,address=127.0.0.1:56676
Begin MonoManager ReloadAssembly
Registering precompiled unity dll's ...
Register platform support module: C:/Program Files/Unity/Hub/Editor/2020.3.2f1/Editor/Data/PlaybackEngines/WindowsStandaloneSupport/UnityEditor.WindowsStandalone.Extensions.dll
Registered in 0.004198 seconds.
Native extension for WindowsStandalone target not found
Refreshing native plugins compatible for Editor in 45.26 ms, found 0 plugins.
Preloading 0 native plugins for Editor in 0.00 ms.
Invoked RoslynAnalysisRunner static constructor.
RoslynAnalysisRunner will not be running.
RoslynAnalysisRunner has terminated.
Mono: successfully reloaded assembly
- Completed reload, in  7.853 seconds
Platform modules already initialized, skipping
Registering precompiled user dll's ...
Registered in 0.007705 seconds.
Begin MonoManager ReloadAssembly
Native extension for WindowsStandalone target not found
Refreshing native plugins compatible for Editor in 0.41 ms, found 0 plugins.
Preloading 0 native plugins for Editor in 0.00 ms.
Invoked RoslynAnalysisRunner static constructor.
RoslynAnalysisRunner will not be running.
RoslynAnalysisRunner has terminated.
Mono: successfully reloaded assembly
- Completed reload, in  1.120 seconds
Platform modules already initialized, skipping
========================================================================
Worker process is ready to serve import requests
Launched and connected shader compiler UnityShaderCompiler.exe after 0.25 seconds
Refreshing native plugins compatible for Editor in 0.41 ms, found 0 plugins.
Preloading 0 native plugins for Editor in 0.00 ms.
Unloading 1417 Unused Serialized files (Serialized files now loaded: 0)
System memory in use before: 68.4 MB.
System memory in use after: 68.4 MB.

Unloading 26 unused Assets to reduce memory usage. Loaded Objects now: 1851.
Total: 2.433800 ms (FindLiveObjects: 0.211600 ms CreateObjectMapping: 0.113200 ms MarkObjects: 2.012700 ms  DeleteObjects: 0.095200 ms)

========================================================================
Received Import Request.
  path: Assets/Prefabs/Levels/Level Pieces/Daedra.prefab
  artifactKey: Guid(ca2e0a66f95e7b74291ef45c1bd418af) Importer(815301076,1909f56bfc062723c751e8b465ee728b)
Start importing Assets/Prefabs/Levels/Level Pieces/Daedra.prefab using Guid(ca2e0a66f95e7b74291ef45c1bd418af) Importer(815301076,1909f56bfc062723c751e8b465ee728b)  -> (artifact id: 'c4bd53a4e87b1b5c4533d88e28c5dd20') in 0.185383 seconds
  Import took 0.192700 seconds .

========================================================================
Received Import Request.
  Time since last request: 0.000292 seconds.
  path: Assets/Prefabs/Levels/Level Pieces/Piece 01_Apocrypha.prefab
  artifactKey: Guid(5b61a2175fd9e974d8959a4f354afcd7) Importer(815301076,1909f56bfc062723c751e8b465ee728b)
Start importing Assets/Prefabs/Levels/Level Pieces/Piece 01_Apocrypha.prefab using Guid(5b61a2175fd9e974d8959a4f354afcd7) Importer(815301076,1909f56bfc062723c751e8b465ee728b)  -> (artifact id: '8be4e862367654dd76bc22ab1a8e6fd4') in 0.053933 seconds
  Import took 0.058666 seconds .

========================================================================
Received Import Request.
  Time since last request: 3.273314 seconds.
  path: Assets/Prefabs/Levels/Level Pieces/Art_Type_Apocrypha.prefab
  artifactKey: Guid(ca2e0a66f95e7b74291ef45c1bd418af) Importer(815301076,1909f56bfc062723c751e8b465ee728b)
Start importing Assets/Prefabs/Levels/Level Pieces/Art_Type_Apocrypha.prefab using Guid(ca2e0a66f95e7b74291ef45c1bd418af) Importer(815301076,1909f56bfc062723c751e8b465ee728b)  -> (artifact id: '75e5b34f37bafe0d91f33ea01d380dca') in 0.049500 seconds
  Import took 0.054587 seconds .

========================================================================
Received Import Request.
  Time since last request: 0.000449 seconds.
  path: Assets/Prefabs/Levels/Level Pieces/Piece 01_Apocrypha.prefab
  artifactKey: Guid(5b61a2175fd9e974d8959a4f354afcd7) Importer(815301076,1909f56bfc062723c751e8b465ee728b)
Start importing Assets/Prefabs/Levels/Level Pieces/Piece 01_Apocrypha.prefab using Guid(5b61a2175fd9e974d8959a4f354afcd7) Importer(815301076,1909f56bfc062723c751e8b465ee728b)  -> (artifact id: 'e6698afe207a310ad35ac03892955449') in 0.071826 seconds
  Import took 0.075784 seconds .

========================================================================
Received Import Request.
  Time since last request: 11.648536 seconds.
  path: Assets/Prefabs/Levels/Level Pieces/Daedra.prefab
  artifactKey: Guid(4443ffd9654d3164da4dc72a3733df47) Importer(815301076,1909f56bfc062723c751e8b465ee728b)
Start importing Assets/Prefabs/Levels/Level Pieces/Daedra.prefab using Guid(4443ffd9654d3164da4dc72a3733df47) Importer(815301076,1909f56bfc062723c751e8b465ee728b)  -> (artifact id: '08df7430019cfb45c98f1474d764ce24') in 0.047289 seconds
  Import took 0.050533 seconds .

========================================================================
Received Import Request.
  Time since last request: 0.001953 seconds.
  path: Assets/Prefabs/Levels/Level Pieces/Daedra.prefab
  artifactKey: Guid(4443ffd9654d3164da4dc72a3733df47) Importer(815301076,1909f56bfc062723c751e8b465ee728b)
Start importing Assets/Prefabs/Levels/Level Pieces/Daedra.prefab using Guid(4443ffd9654d3164da4dc72a3733df47) Importer(815301076,1909f56bfc062723c751e8b465ee728b)  -> (artifact id: '08df7430019cfb45c98f1474d764ce24') in 0.050754 seconds
  Import took 0.054851 seconds .

========================================================================
Received Import Request.
  Time since last request: 0.112422 seconds.
  path: Assets/Prefabs/Levels/Level Pieces/Piece 01_Ashpit.prefab
  artifactKey: Guid(24d222bf74be8be46952066f57da0ce0) Importer(815301076,1909f56bfc062723c751e8b465ee728b)
Start importing Assets/Prefabs/Levels/Level Pieces/Piece 01_Ashpit.prefab using Guid(24d222bf74be8be46952066f57da0ce0) Importer(815301076,1909f56bfc062723c751e8b465ee728b)  -> (artifact id: '307d47cecad783310981174a718c86a1') in 0.048286 seconds
  Import took 0.052966 seconds .

========================================================================
Received Import Request.
  Time since last request: 14.936647 seconds.
  path: Assets/Prefabs/Levels/Level Pieces/Art_Type_Ashpit.prefab
  artifactKey: Guid(4443ffd9654d3164da4dc72a3733df47) Importer(815301076,1909f56bfc062723c751e8b465ee728b)
Start importing Assets/Prefabs/Levels/Level Pieces/Art_Type_Ashpit.prefab using Guid(4443ffd9654d3164da4dc72a3733df47) Importer(815301076,1909f56bfc062723c751e8b465ee728b)  -> (artifact id: '9207d8a48ba1fb61001f7f4e48ef786a') in 0.052919 seconds
  Import took 0.057906 seconds .

========================================================================
Received Import Request.
  Time since last request: 0.000425 seconds.
  path: Assets/Prefabs/Levels/Level Pieces/Piece 01_Ashpit.prefab
  artifactKey: Guid(24d222bf74be8be46952066f57da0ce0) Importer(815301076,1909f56bfc062723c751e8b465ee728b)
Start importing Assets/Prefabs/Levels/Level Pieces/Piece 01_Ashpit.prefab using Guid(24d222bf74be8be46952066f57da0ce0) Importer(815301076,1909f56bfc062723c751e8b465ee728b)  -> (artifact id: '246a575abe42c24678e2c3f6a6323f9a') in 0.054940 seconds
  Import took 0.059001 seconds .

========================================================================
Received Import Request.
  Time since last request: 6.635357 seconds.
  path: Assets/Prefabs/Levels/Level Pieces/Daedra.prefab
  artifactKey: Guid(aa3a015abb814e14caa1fdcbdee9bf39) Importer(815301076,1909f56bfc062723c751e8b465ee728b)
Start importing Assets/Prefabs/Levels/Level Pieces/Daedra.prefab using Guid(aa3a015abb814e14caa1fdcbdee9bf39) Importer(815301076,1909f56bfc062723c751e8b465ee728b)  -> (artifact id: '4b965da43bd30e46c611f550be5fef8f') in 0.048406 seconds
  Import took 0.053966 seconds .

========================================================================
Received Import Request.
  Time since last request: 0.000237 seconds.
  path: Assets/Prefabs/Levels/Level Pieces/Piece 01_Coldharbour.prefab
  artifactKey: Guid(308ac4780700d1d4cb280032d4e99d78) Importer(815301076,1909f56bfc062723c751e8b465ee728b)
Start importing Assets/Prefabs/Levels/Level Pieces/Piece 01_Coldharbour.prefab using Guid(308ac4780700d1d4cb280032d4e99d78) Importer(815301076,1909f56bfc062723c751e8b465ee728b)  -> (artifact id: 'a82a29d0f9df6ac40583e7ef2756dec0') in 0.045173 seconds
  Import took 0.049594 seconds .

========================================================================
Received Import Request.
  Time since last request: 13.813765 seconds.
  path: Assets/Prefabs/Levels/Level Pieces/Art_Type_Coldharbour.prefab
  artifactKey: Guid(aa3a015abb814e14caa1fdcbdee9bf39) Importer(815301076,1909f56bfc062723c751e8b465ee728b)
Start importing Assets/Prefabs/Levels/Level Pieces/Art_Type_Coldharbour.prefab using Guid(aa3a015abb814e14caa1fdcbdee9bf39) Importer(815301076,1909f56bfc062723c751e8b465ee728b)  -> (artifact id: 'de937246cb24df348290399b27929593') in 0.046447 seconds
  Import took 0.051503 seconds .

========================================================================
Received Import Request.
  Time since last request: 0.000550 seconds.
  path: Assets/Prefabs/Levels/Level Pieces/Piece 01_Coldharbour.prefab
  artifactKey: Guid(308ac4780700d1d4cb280032d4e99d78) Importer(815301076,1909f56bfc062723c751e8b465ee728b)
Start importing Assets/Prefabs/Levels/Level Pieces/Piece 01_Coldharbour.prefab using Guid(308ac4780700d1d4cb280032d4e99d78) Importer(815301076,1909f56bfc062723c751e8b465ee728b)  -> (artifact id: '18a8ca9ecb3bb011488ec4a6b75cf53c') in 0.067258 seconds
  Import took 0.072393 seconds .

========================================================================
Received Import Request.
  Time since last request: 21.420560 seconds.
  path: Assets/Prefabs/Levels/Level Pieces/Daedra.prefab
  artifactKey: Guid(1da58c830c328e64fa873d0e899e51ad) Importer(815301076,1909f56bfc062723c751e8b465ee728b)
Start importing Assets/Prefabs/Levels/Level Pieces/Daedra.prefab using Guid(1da58c830c328e64fa873d0e899e51ad) Importer(815301076,1909f56bfc062723c751e8b465ee728b)  -> (artifact id: 'e1fd3c2539e6970df1ee213a4728a5fa') in 0.046673 seconds
  Import took 0.050492 seconds .

========================================================================
Received Import Request.
  Time since last request: 0.131024 seconds.
  path: Assets/Prefabs/Levels/Level Pieces/Piece 01_ColoredRooms.prefab
  artifactKey: Guid(f5d3b151e6cb5f34488486c4e6560d5a) Importer(815301076,1909f56bfc062723c751e8b465ee728b)
Start importing Assets/Prefabs/Levels/Level Pieces/Piece 01_ColoredRooms.prefab using Guid(f5d3b151e6cb5f34488486c4e6560d5a) Importer(815301076,1909f56bfc062723c751e8b465ee728b)  -> (artifact id: 'd2fe69af681c904dc1a3903b3bf454cb') in 0.047252 seconds
  Import took 0.052928 seconds .

========================================================================
Received Import Request.
  Time since last request: 12.494518 seconds.
  path: Assets/Prefabs/Levels/Level Pieces/Art_Type_ColoredRooms.prefab
  artifactKey: Guid(1da58c830c328e64fa873d0e899e51ad) Importer(815301076,1909f56bfc062723c751e8b465ee728b)
Start importing Assets/Prefabs/Levels/Level Pieces/Art_Type_ColoredRooms.prefab using Guid(1da58c830c328e64fa873d0e899e51ad) Importer(815301076,1909f56bfc062723c751e8b465ee728b)  -> (artifact id: '53e108cf4027dc890853aedf95e5b00d') in 0.048492 seconds
  Import took 0.055045 seconds .

========================================================================
Received Import Request.
  Time since last request: 0.000285 seconds.
  path: Assets/Prefabs/Levels/Level Pieces/Piece 01_ColoredRooms.prefab
  artifactKey: Guid(f5d3b151e6cb5f34488486c4e6560d5a) Importer(815301076,1909f56bfc062723c751e8b465ee728b)
Start importing Assets/Prefabs/Levels/Level Pieces/Piece 01_ColoredRooms.prefab using Guid(f5d3b151e6cb5f34488486c4e6560d5a) Importer(815301076,1909f56bfc062723c751e8b465ee728b)  -> (artifact id: 'c3200016e7e7c18d3d82d864157700ea') in 0.060766 seconds
  Import took 0.065897 seconds .

========================================================================
Received Import Request.
  Time since last request: 9.581097 seconds.
  path: Assets/Prefabs/Levels/Level Pieces/Daedra.prefab
  artifactKey: Guid(37364e3ef8089fd49a3e29f279f0de45) Importer(815301076,1909f56bfc062723c751e8b465ee728b)
Start importing Assets/Prefabs/Levels/Level Pieces/Daedra.prefab using Guid(37364e3ef8089fd49a3e29f279f0de45) Importer(815301076,1909f56bfc062723c751e8b465ee728b)  -> (artifact id: 'ba3c8f103d699185070ea2ae480bf998') in 0.045371 seconds
  Import took 0.049860 seconds .

========================================================================
Received Import Request.
  Time since last request: 0.163764 seconds.
  path: Assets/Prefabs/Levels/Level Pieces/Piece 01_Moonshadow.prefab
  artifactKey: Guid(54f7ba78b2e206a41b59e1c9db30ce24) Importer(815301076,1909f56bfc062723c751e8b465ee728b)
Start importing Assets/Prefabs/Levels/Level Pieces/Piece 01_Moonshadow.prefab using Guid(54f7ba78b2e206a41b59e1c9db30ce24) Importer(815301076,1909f56bfc062723c751e8b465ee728b)  -> (artifact id: '8ceb39387e0fd32fa163b1dc141d9974') in 0.044868 seconds
  Import took 0.048998 seconds .

========================================================================
Received Import Request.
  Time since last request: 10.796112 seconds.
  path: Assets/Prefabs/Levels/Level Pieces/Art_Type_Moonshadow.prefab
  artifactKey: Guid(37364e3ef8089fd49a3e29f279f0de45) Importer(815301076,1909f56bfc062723c751e8b465ee728b)
Start importing Assets/Prefabs/Levels/Level Pieces/Art_Type_Moonshadow.prefab using Guid(37364e3ef8089fd49a3e29f279f0de45) Importer(815301076,1909f56bfc062723c751e8b465ee728b)  -> (artifact id: '7ea47a778934f80c2f557b8aed812864') in 0.043828 seconds
  Import took 0.048663 seconds .

========================================================================
Received Import Request.
  Time since last request: 0.000434 seconds.
  path: Assets/Prefabs/Levels/Level Pieces/Piece 01_Moonshadow.prefab
  artifactKey: Guid(54f7ba78b2e206a41b59e1c9db30ce24) Importer(815301076,1909f56bfc062723c751e8b465ee728b)
Start importing Assets/Prefabs/Levels/Level Pieces/Piece 01_Moonshadow.prefab using Guid(54f7ba78b2e206a41b59e1c9db30ce24) Importer(815301076,1909f56bfc062723c751e8b465ee728b)  -> (artifact id: '2841375e752ef3af4422f3f4d8849111') in 0.070122 seconds
  Import took 0.074871 seconds .

AssetImportWorkerClient::OnTransportError - code=2 error=End of file
