Using pre-set license
Built from '2020.3/release' branch; Version is '2020.3.2f1 (8fd9074bf66c) revision 9427207'; Using compiler version '192528614'; Build Type 'Release'
OS: 'Windows 10 Home Single Language; OS build 19044.1706; Version 2009; 64bit' Language: 'pt' Physical Memory: 8109 MB
BatchMode: 1, IsHumanControllingUs: 0, StartBugReporterOnCrash: 0, Is64bit: 1, IsPro: 0

 COMMAND LINE ARGUMENTS:
C:\Program Files\Unity\Hub\Editor\2020.3.2f1\Editor\Unity.exe
-adb2
-batchMode
-noUpm
-name
AssetImportWorker0
-projectPath
C:/Users/Higor/Documents/GitHub/HyperCasual
-logFile
Logs/AssetImportWorker0.log
-srvPort
59876
Successfully changed project path to: C:/Users/Higor/Documents/GitHub/HyperCasual
C:/Users/Higor/Documents/GitHub/HyperCasual
Using Asset Import Pipeline V2.
Refreshing native plugins compatible for Editor in 50.25 ms, found 0 plugins.
Preloading 0 native plugins for Editor in 0.00 ms.
Initialize engine version: 2020.3.2f1 (8fd9074bf66c)
[Subsystems] Discovering subsystems at path C:/Program Files/Unity/Hub/Editor/2020.3.2f1/Editor/Data/Resources/UnitySubsystems
[Subsystems] Discovering subsystems at path C:/Users/Higor/Documents/GitHub/HyperCasual/Assets
GfxDevice: creating device client; threaded=0
Direct3D:
    Version:  Direct3D 11.0 [level 11.0]
    Renderer: NVIDIA GeForce 940MX (ID=0x134d)
    Vendor:   
    VRAM:     2010 MB
    Driver:   30.0.15.1215
Initialize mono
Mono path[0] = 'C:/Program Files/Unity/Hub/Editor/2020.3.2f1/Editor/Data/Managed'
Mono path[1] = 'C:/Program Files/Unity/Hub/Editor/2020.3.2f1/Editor/Data/MonoBleedingEdge/lib/mono/unityjit'
Mono config path = 'C:/Program Files/Unity/Hub/Editor/2020.3.2f1/Editor/Data/MonoBleedingEdge/etc'
Using monoOptions --debugger-agent=transport=dt_socket,embedding=1,server=y,suspend=n,address=127.0.0.1:56352
Begin MonoManager ReloadAssembly
Registering precompiled unity dll's ...
Register platform support module: C:/Program Files/Unity/Hub/Editor/2020.3.2f1/Editor/Data/PlaybackEngines/WindowsStandaloneSupport/UnityEditor.WindowsStandalone.Extensions.dll
Registered in 0.026118 seconds.
Native extension for WindowsStandalone target not found
Refreshing native plugins compatible for Editor in 36.30 ms, found 0 plugins.
Preloading 0 native plugins for Editor in 0.00 ms.
Invoked RoslynAnalysisRunner static constructor.
RoslynAnalysisRunner will not be running.
RoslynAnalysisRunner has terminated.
Mono: successfully reloaded assembly
- Completed reload, in  7.047 seconds
Platform modules already initialized, skipping
Registering precompiled user dll's ...
Registered in 0.034953 seconds.
Begin MonoManager ReloadAssembly
Native extension for WindowsStandalone target not found
Refreshing native plugins compatible for Editor in 0.43 ms, found 0 plugins.
Preloading 0 native plugins for Editor in 0.00 ms.
Invoked RoslynAnalysisRunner static constructor.
RoslynAnalysisRunner will not be running.
RoslynAnalysisRunner has terminated.
Mono: successfully reloaded assembly
- Completed reload, in  1.354 seconds
Platform modules already initialized, skipping
========================================================================
Worker process is ready to serve import requests
Launched and connected shader compiler UnityShaderCompiler.exe after 0.19 seconds
Refreshing native plugins compatible for Editor in 0.45 ms, found 0 plugins.
Preloading 0 native plugins for Editor in 0.00 ms.
Unloading 1413 Unused Serialized files (Serialized files now loaded: 0)
System memory in use before: 68.1 MB.
System memory in use after: 68.2 MB.

Unloading 26 unused Assets to reduce memory usage. Loaded Objects now: 1845.
Total: 3.454100 ms (FindLiveObjects: 0.208400 ms CreateObjectMapping: 0.124700 ms MarkObjects: 3.010200 ms  DeleteObjects: 0.109100 ms)

========================================================================
Received Import Request.
  path: Assets/Prefabs/Levels/Level Pieces/Piece 01.prefab
  artifactKey: Guid(fb24746f697978841b6406fe28e647c2) Importer(815301076,1909f56bfc062723c751e8b465ee728b)
Start importing Assets/Prefabs/Levels/Level Pieces/Piece 01.prefab using Guid(fb24746f697978841b6406fe28e647c2) Importer(815301076,1909f56bfc062723c751e8b465ee728b)  -> (artifact id: '65fe700ce3bb53345f27a81bc7ae2108') in 0.186628 seconds
  Import took 0.193477 seconds .

========================================================================
Received Import Request.
  Time since last request: 11.031195 seconds.
  path: Assets/Prefabs/Levels/Level Pieces/Piece 02.prefab
  artifactKey: Guid(87dd7601309bcbe4d9e5e06fc76b729b) Importer(815301076,1909f56bfc062723c751e8b465ee728b)
Start importing Assets/Prefabs/Levels/Level Pieces/Piece 02.prefab using Guid(87dd7601309bcbe4d9e5e06fc76b729b) Importer(815301076,1909f56bfc062723c751e8b465ee728b)  -> (artifact id: '126cf2f077ce9a6642dce7107507d895') in 0.047142 seconds
  Import took 0.051550 seconds .

========================================================================
Received Import Request.
  Time since last request: 5.484908 seconds.
  path: Assets/Prefabs/Levels/Level Pieces/Piece 03.prefab
  artifactKey: Guid(98e421e4097e8b6429b7d37e440437d7) Importer(815301076,1909f56bfc062723c751e8b465ee728b)
Start importing Assets/Prefabs/Levels/Level Pieces/Piece 03.prefab using Guid(98e421e4097e8b6429b7d37e440437d7) Importer(815301076,1909f56bfc062723c751e8b465ee728b)  -> (artifact id: 'ecea906ebecb771ed19d4097e687bcfe') in 0.043135 seconds
  Import took 0.048348 seconds .

========================================================================
Received Import Request.
  Time since last request: 4.099588 seconds.
  path: Assets/Prefabs/Levels/Level Pieces/Piece 04.prefab
  artifactKey: Guid(bebb727cdbe8ed34c9e20cb28d402ca9) Importer(815301076,1909f56bfc062723c751e8b465ee728b)
Start importing Assets/Prefabs/Levels/Level Pieces/Piece 04.prefab using Guid(bebb727cdbe8ed34c9e20cb28d402ca9) Importer(815301076,1909f56bfc062723c751e8b465ee728b)  -> (artifact id: 'c700706f3af6316ea956ffd2e10074c4') in 0.055285 seconds
  Import took 0.059705 seconds .

========================================================================
Received Import Request.
  Time since last request: 5.106260 seconds.
  path: Assets/Prefabs/Levels/Level Pieces/Piece 05.prefab
  artifactKey: Guid(54c3061a16834a24198f9902c9cbf55a) Importer(815301076,1909f56bfc062723c751e8b465ee728b)
Start importing Assets/Prefabs/Levels/Level Pieces/Piece 05.prefab using Guid(54c3061a16834a24198f9902c9cbf55a) Importer(815301076,1909f56bfc062723c751e8b465ee728b)  -> (artifact id: 'af82b6d047d525e28d798b10a09474dc') in 0.059970 seconds
  Import took 0.064896 seconds .

========================================================================
Received Import Request.
  Time since last request: 81.724262 seconds.
  path: Assets/Prefabs/Levels/Level Pieces/Piece 02.prefab
  artifactKey: Guid(87dd7601309bcbe4d9e5e06fc76b729b) Importer(815301076,1909f56bfc062723c751e8b465ee728b)
Start importing Assets/Prefabs/Levels/Level Pieces/Piece 02.prefab using Guid(87dd7601309bcbe4d9e5e06fc76b729b) Importer(815301076,1909f56bfc062723c751e8b465ee728b)  -> (artifact id: 'f012ee3c4000904710b73b790dcc7e31') in 0.063997 seconds
  Import took 0.069306 seconds .

========================================================================
Received Import Request.
  Time since last request: 16.338936 seconds.
  path: Assets/Prefabs/Levels/Level Pieces/Piece 02.prefab
  artifactKey: Guid(87dd7601309bcbe4d9e5e06fc76b729b) Importer(815301076,1909f56bfc062723c751e8b465ee728b)
Start importing Assets/Prefabs/Levels/Level Pieces/Piece 02.prefab using Guid(87dd7601309bcbe4d9e5e06fc76b729b) Importer(815301076,1909f56bfc062723c751e8b465ee728b)  -> (artifact id: '55fb0b86f636f61739ef23182f98b722') in 0.041507 seconds
  Import took 0.047000 seconds .

========================================================================
Received Import Request.
  Time since last request: 9.267807 seconds.
  path: Assets/Prefabs/Levels/Level Pieces/Piece 02.prefab
  artifactKey: Guid(87dd7601309bcbe4d9e5e06fc76b729b) Importer(815301076,1909f56bfc062723c751e8b465ee728b)
Start importing Assets/Prefabs/Levels/Level Pieces/Piece 02.prefab using Guid(87dd7601309bcbe4d9e5e06fc76b729b) Importer(815301076,1909f56bfc062723c751e8b465ee728b)  -> (artifact id: 'ae5b31323138276eb02e946bade38303') in 0.057161 seconds
  Import took 0.062327 seconds .

========================================================================
Received Import Request.
  Time since last request: 12.864163 seconds.
  path: Assets/Prefabs/Levels/Level Pieces/Piece 02.prefab
  artifactKey: Guid(87dd7601309bcbe4d9e5e06fc76b729b) Importer(815301076,1909f56bfc062723c751e8b465ee728b)
Start importing Assets/Prefabs/Levels/Level Pieces/Piece 02.prefab using Guid(87dd7601309bcbe4d9e5e06fc76b729b) Importer(815301076,1909f56bfc062723c751e8b465ee728b)  -> (artifact id: '8e3f0641cce9493bb4cb23903843ee9e') in 0.043596 seconds
  Import took 0.048504 seconds .

========================================================================
Received Import Request.
  Time since last request: 15.498850 seconds.
  path: Assets/Prefabs/Levels/Level Pieces/Piece 04.prefab
  artifactKey: Guid(bebb727cdbe8ed34c9e20cb28d402ca9) Importer(815301076,1909f56bfc062723c751e8b465ee728b)
Start importing Assets/Prefabs/Levels/Level Pieces/Piece 04.prefab using Guid(bebb727cdbe8ed34c9e20cb28d402ca9) Importer(815301076,1909f56bfc062723c751e8b465ee728b)  -> (artifact id: '206bf1daa9d9813e8c98075ae58212da') in 0.046048 seconds
  Import took 0.050835 seconds .

========================================================================
Received Prepare
Registering precompiled user dll's ...
Registered in 0.001447 seconds.
Begin MonoManager ReloadAssembly
Native extension for WindowsStandalone target not found
Refreshing native plugins compatible for Editor in 0.51 ms, found 0 plugins.
Preloading 0 native plugins for Editor in 0.00 ms.
Invoked RoslynAnalysisRunner static constructor.
RoslynAnalysisRunner will not be running.
RoslynAnalysisRunner has terminated.
Mono: successfully reloaded assembly
- Completed reload, in  1.008 seconds
Platform modules already initialized, skipping
Switching build target platform(5) subTarget(0) extendedPlatform(0) -> platform(13) subTarget(537395200) extendedPlatform(0)
Refreshing native plugins compatible for Editor in 0.41 ms, found 0 plugins.
Preloading 0 native plugins for Editor in 0.00 ms.
Unloading 1396 Unused Serialized files (Serialized files now loaded: 0)
System memory in use before: 69.8 MB.
System memory in use after: 69.9 MB.

Unloading 22 unused Assets to reduce memory usage. Loaded Objects now: 1858.
Total: 2.256800 ms (FindLiveObjects: 0.196500 ms CreateObjectMapping: 0.050100 ms MarkObjects: 1.903300 ms  DeleteObjects: 0.104800 ms)

AssetImportParameters requested are different than current active one (requested -> active):
  custom:graphics/normal-map-encoding: 01000000000000000000000000000000 -> 02000000000000000000000000000000
========================================================================
Received Prepare
Registering precompiled user dll's ...
Registered in 0.002016 seconds.
Begin MonoManager ReloadAssembly
Native extension for WindowsStandalone target not found
Refreshing native plugins compatible for Editor in 0.42 ms, found 0 plugins.
Preloading 0 native plugins for Editor in 0.00 ms.
Invoked RoslynAnalysisRunner static constructor.
RoslynAnalysisRunner will not be running.
RoslynAnalysisRunner has terminated.
Mono: successfully reloaded assembly
- Completed reload, in  1.002 seconds
Platform modules already initialized, skipping
Switching build target platform(5) subTarget(0) extendedPlatform(0) -> platform(13) subTarget(537395200) extendedPlatform(0)
Refreshing native plugins compatible for Editor in 0.45 ms, found 0 plugins.
Preloading 0 native plugins for Editor in 0.00 ms.
Unloading 1396 Unused Serialized files (Serialized files now loaded: 0)
System memory in use before: 69.9 MB.
System memory in use after: 70.0 MB.

Unloading 21 unused Assets to reduce memory usage. Loaded Objects now: 1861.
Total: 3.080700 ms (FindLiveObjects: 0.797500 ms CreateObjectMapping: 0.098600 ms MarkObjects: 2.120500 ms  DeleteObjects: 0.060600 ms)

AssetImportParameters requested are different than current active one (requested -> active):
  custom:graphics/normal-map-encoding: 01000000000000000000000000000000 -> 02000000000000000000000000000000
========================================================================
Received Prepare
Registering precompiled user dll's ...
Registered in 0.001854 seconds.
Begin MonoManager ReloadAssembly
Native extension for WindowsStandalone target not found
Refreshing native plugins compatible for Editor in 0.68 ms, found 0 plugins.
Preloading 0 native plugins for Editor in 0.00 ms.
Invoked RoslynAnalysisRunner static constructor.
RoslynAnalysisRunner will not be running.
RoslynAnalysisRunner has terminated.
Mono: successfully reloaded assembly
- Completed reload, in  1.020 seconds
Platform modules already initialized, skipping
Switching build target platform(5) subTarget(0) extendedPlatform(0) -> platform(13) subTarget(537395200) extendedPlatform(0)
Refreshing native plugins compatible for Editor in 0.57 ms, found 0 plugins.
Preloading 0 native plugins for Editor in 0.00 ms.
Unloading 1396 Unused Serialized files (Serialized files now loaded: 0)
System memory in use before: 69.9 MB.
System memory in use after: 70.0 MB.

Unloading 21 unused Assets to reduce memory usage. Loaded Objects now: 1864.
Total: 2.185200 ms (FindLiveObjects: 0.245100 ms CreateObjectMapping: 0.066400 ms MarkObjects: 1.788200 ms  DeleteObjects: 0.084000 ms)

AssetImportParameters requested are different than current active one (requested -> active):
  custom:graphics/normal-map-encoding: 01000000000000000000000000000000 -> 02000000000000000000000000000000
========================================================================
Received Import Request.
  Time since last request: 302.101032 seconds.
  path: Assets/Prefabs/Levels/Level Pieces/Piece 03.prefab
  artifactKey: Guid(98e421e4097e8b6429b7d37e440437d7) Importer(815301076,1909f56bfc062723c751e8b465ee728b)
Start importing Assets/Prefabs/Levels/Level Pieces/Piece 03.prefab using Guid(98e421e4097e8b6429b7d37e440437d7) Importer(815301076,1909f56bfc062723c751e8b465ee728b)  -> (artifact id: '16f1cfa462eccad3bc1ff66ed869acc5') in 0.102401 seconds
  Import took 0.108392 seconds .

========================================================================
Received Import Request.
  Time since last request: 11.063945 seconds.
  path: Assets/Prefabs/Levels/Level Pieces/Piece 04.prefab
  artifactKey: Guid(bebb727cdbe8ed34c9e20cb28d402ca9) Importer(815301076,1909f56bfc062723c751e8b465ee728b)
Start importing Assets/Prefabs/Levels/Level Pieces/Piece 04.prefab using Guid(bebb727cdbe8ed34c9e20cb28d402ca9) Importer(815301076,1909f56bfc062723c751e8b465ee728b)  -> (artifact id: 'db04b6f18fec5af26911b95f587d2fda') in 0.044123 seconds
  Import took 0.048760 seconds .

========================================================================
Received Import Request.
  Time since last request: 5.197529 seconds.
  path: Assets/Prefabs/Levels/Level Pieces/Piece 04.prefab
  artifactKey: Guid(bebb727cdbe8ed34c9e20cb28d402ca9) Importer(815301076,1909f56bfc062723c751e8b465ee728b)
Start importing Assets/Prefabs/Levels/Level Pieces/Piece 04.prefab using Guid(bebb727cdbe8ed34c9e20cb28d402ca9) Importer(815301076,1909f56bfc062723c751e8b465ee728b)  -> (artifact id: '31f640482d01fbd980ea8c1e1b7f99af') in 0.049682 seconds
  Import took 0.054122 seconds .

========================================================================
Received Import Request.
  Time since last request: 2.402514 seconds.
  path: Assets/Prefabs/Levels/Level Pieces/Piece 04.prefab
  artifactKey: Guid(bebb727cdbe8ed34c9e20cb28d402ca9) Importer(815301076,1909f56bfc062723c751e8b465ee728b)
Start importing Assets/Prefabs/Levels/Level Pieces/Piece 04.prefab using Guid(bebb727cdbe8ed34c9e20cb28d402ca9) Importer(815301076,1909f56bfc062723c751e8b465ee728b)  -> (artifact id: '3a9686a0dfc574f1cd34ebd889d5a9f2') in 0.041649 seconds
  Import took 0.044888 seconds .

========================================================================
Received Import Request.
  Time since last request: 7.137806 seconds.
  path: Assets/Prefabs/Levels/Level Pieces/Piece 03.prefab
  artifactKey: Guid(98e421e4097e8b6429b7d37e440437d7) Importer(815301076,1909f56bfc062723c751e8b465ee728b)
Start importing Assets/Prefabs/Levels/Level Pieces/Piece 03.prefab using Guid(98e421e4097e8b6429b7d37e440437d7) Importer(815301076,1909f56bfc062723c751e8b465ee728b)  -> (artifact id: '972a109b6d6bdcda64ad90186f1b024a') in 0.044264 seconds
  Import took 0.049197 seconds .

========================================================================
Received Import Request.
  Time since last request: 2.568096 seconds.
  path: Assets/Prefabs/Levels/Level Pieces/Piece 03.prefab
  artifactKey: Guid(98e421e4097e8b6429b7d37e440437d7) Importer(815301076,1909f56bfc062723c751e8b465ee728b)
Start importing Assets/Prefabs/Levels/Level Pieces/Piece 03.prefab using Guid(98e421e4097e8b6429b7d37e440437d7) Importer(815301076,1909f56bfc062723c751e8b465ee728b)  -> (artifact id: 'fabeabe9d23319993ffe3654bb029ebc') in 0.042332 seconds
  Import took 0.046872 seconds .

========================================================================
Received Prepare
Registering precompiled user dll's ...
Registered in 0.002235 seconds.
Begin MonoManager ReloadAssembly
Native extension for WindowsStandalone target not found
Refreshing native plugins compatible for Editor in 0.45 ms, found 0 plugins.
Preloading 0 native plugins for Editor in 0.00 ms.
Invoked RoslynAnalysisRunner static constructor.
RoslynAnalysisRunner will not be running.
RoslynAnalysisRunner has terminated.
Mono: successfully reloaded assembly
- Completed reload, in  0.998 seconds
Platform modules already initialized, skipping
Switching build target platform(5) subTarget(0) extendedPlatform(0) -> platform(13) subTarget(537395200) extendedPlatform(0)
Refreshing native plugins compatible for Editor in 0.48 ms, found 0 plugins.
Preloading 0 native plugins for Editor in 0.00 ms.
Unloading 1396 Unused Serialized files (Serialized files now loaded: 0)
System memory in use before: 69.9 MB.
System memory in use after: 70.0 MB.

Unloading 22 unused Assets to reduce memory usage. Loaded Objects now: 1868.
Total: 2.491000 ms (FindLiveObjects: 0.322600 ms CreateObjectMapping: 0.076700 ms MarkObjects: 1.994400 ms  DeleteObjects: 0.095300 ms)

AssetImportParameters requested are different than current active one (requested -> active):
  custom:graphics/normal-map-encoding: 01000000000000000000000000000000 -> 02000000000000000000000000000000
========================================================================
Received Prepare
Registering precompiled user dll's ...
Registered in 0.001445 seconds.
Begin MonoManager ReloadAssembly
Native extension for WindowsStandalone target not found
Refreshing native plugins compatible for Editor in 0.98 ms, found 0 plugins.
Preloading 0 native plugins for Editor in 0.00 ms.
Invoked RoslynAnalysisRunner static constructor.
RoslynAnalysisRunner will not be running.
RoslynAnalysisRunner has terminated.
Mono: successfully reloaded assembly
- Completed reload, in  1.039 seconds
Platform modules already initialized, skipping
Switching build target platform(5) subTarget(0) extendedPlatform(0) -> platform(13) subTarget(537395200) extendedPlatform(0)
Refreshing native plugins compatible for Editor in 0.49 ms, found 0 plugins.
Preloading 0 native plugins for Editor in 0.00 ms.
Unloading 1396 Unused Serialized files (Serialized files now loaded: 0)
System memory in use before: 69.9 MB.
System memory in use after: 70.0 MB.

Unloading 21 unused Assets to reduce memory usage. Loaded Objects now: 1871.
Total: 2.039500 ms (FindLiveObjects: 0.241900 ms CreateObjectMapping: 0.088000 ms MarkObjects: 1.651500 ms  DeleteObjects: 0.056300 ms)

AssetImportParameters requested are different than current active one (requested -> active):
  custom:graphics/normal-map-encoding: 01000000000000000000000000000000 -> 02000000000000000000000000000000
========================================================================
Received Import Request.
  Time since last request: 281.831204 seconds.
  path: Assets/Scripts/LevelManager/LevelManager.cs
  artifactKey: Guid(506cea9e3d1d19f4ba8d30ce56620f01) Importer(815301076,1909f56bfc062723c751e8b465ee728b)
Start importing Assets/Scripts/LevelManager/LevelManager.cs using Guid(506cea9e3d1d19f4ba8d30ce56620f01) Importer(815301076,1909f56bfc062723c751e8b465ee728b)  -> (artifact id: 'c08bf675dc9660e9e604255a57c81e7b') in 0.090862 seconds
  Import took 0.095968 seconds .

========================================================================
Received Prepare
Registering precompiled user dll's ...
Registered in 0.002355 seconds.
Begin MonoManager ReloadAssembly
Native extension for WindowsStandalone target not found
Refreshing native plugins compatible for Editor in 0.43 ms, found 0 plugins.
Preloading 0 native plugins for Editor in 0.00 ms.
Invoked RoslynAnalysisRunner static constructor.
RoslynAnalysisRunner will not be running.
RoslynAnalysisRunner has terminated.
Mono: successfully reloaded assembly
- Completed reload, in  1.136 seconds
Platform modules already initialized, skipping
Switching build target platform(5) subTarget(0) extendedPlatform(0) -> platform(13) subTarget(537395200) extendedPlatform(0)
Refreshing native plugins compatible for Editor in 0.47 ms, found 0 plugins.
Preloading 0 native plugins for Editor in 0.00 ms.
Unloading 1396 Unused Serialized files (Serialized files now loaded: 0)
System memory in use before: 69.9 MB.
System memory in use after: 70.0 MB.

Unloading 21 unused Assets to reduce memory usage. Loaded Objects now: 1874.
Total: 3.129700 ms (FindLiveObjects: 0.261800 ms CreateObjectMapping: 0.111900 ms MarkObjects: 2.677600 ms  DeleteObjects: 0.076800 ms)

AssetImportParameters requested are different than current active one (requested -> active):
  custom:graphics/normal-map-encoding: 01000000000000000000000000000000 -> 02000000000000000000000000000000
========================================================================
Received Import Request.
  Time since last request: 591.899777 seconds.
  path: Assets/Scripts/LevelManager/LevelManager.cs
  artifactKey: Guid(506cea9e3d1d19f4ba8d30ce56620f01) Importer(815301076,1909f56bfc062723c751e8b465ee728b)
Start importing Assets/Scripts/LevelManager/LevelManager.cs using Guid(506cea9e3d1d19f4ba8d30ce56620f01) Importer(815301076,1909f56bfc062723c751e8b465ee728b)  -> (artifact id: '7a7feb842b72ea83dead026cb713df82') in 0.037962 seconds
  Import took 0.040747 seconds .

========================================================================
Received Prepare
Registering precompiled user dll's ...
Registered in 0.001476 seconds.
Begin MonoManager ReloadAssembly
Native extension for WindowsStandalone target not found
Refreshing native plugins compatible for Editor in 0.47 ms, found 0 plugins.
Preloading 0 native plugins for Editor in 0.00 ms.
Invoked RoslynAnalysisRunner static constructor.
RoslynAnalysisRunner will not be running.
RoslynAnalysisRunner has terminated.
Mono: successfully reloaded assembly
- Completed reload, in  1.107 seconds
Platform modules already initialized, skipping
Switching build target platform(5) subTarget(0) extendedPlatform(0) -> platform(13) subTarget(537395200) extendedPlatform(0)
Refreshing native plugins compatible for Editor in 0.41 ms, found 0 plugins.
Preloading 0 native plugins for Editor in 0.00 ms.
Unloading 1396 Unused Serialized files (Serialized files now loaded: 0)
System memory in use before: 69.9 MB.
System memory in use after: 70.0 MB.

Unloading 21 unused Assets to reduce memory usage. Loaded Objects now: 1877.
Total: 2.971000 ms (FindLiveObjects: 0.570300 ms CreateObjectMapping: 0.099600 ms MarkObjects: 2.229000 ms  DeleteObjects: 0.069300 ms)

AssetImportParameters requested are different than current active one (requested -> active):
  custom:graphics/normal-map-encoding: 01000000000000000000000000000000 -> 02000000000000000000000000000000
========================================================================
Received Prepare
Registering precompiled user dll's ...
Registered in 0.001474 seconds.
Begin MonoManager ReloadAssembly
Native extension for WindowsStandalone target not found
Refreshing native plugins compatible for Editor in 0.71 ms, found 0 plugins.
Preloading 0 native plugins for Editor in 0.00 ms.
Invoked RoslynAnalysisRunner static constructor.
RoslynAnalysisRunner will not be running.
RoslynAnalysisRunner has terminated.
Mono: successfully reloaded assembly
- Completed reload, in  1.120 seconds
Platform modules already initialized, skipping
Switching build target platform(5) subTarget(0) extendedPlatform(0) -> platform(13) subTarget(537395200) extendedPlatform(0)
Refreshing native plugins compatible for Editor in 0.42 ms, found 0 plugins.
Preloading 0 native plugins for Editor in 0.00 ms.
Unloading 1396 Unused Serialized files (Serialized files now loaded: 0)
System memory in use before: 69.9 MB.
System memory in use after: 70.0 MB.

Unloading 21 unused Assets to reduce memory usage. Loaded Objects now: 1880.
Total: 2.553200 ms (FindLiveObjects: 0.359100 ms CreateObjectMapping: 0.106700 ms MarkObjects: 1.994400 ms  DeleteObjects: 0.090900 ms)

AssetImportParameters requested are different than current active one (requested -> active):
  custom:graphics/normal-map-encoding: 01000000000000000000000000000000 -> 02000000000000000000000000000000
========================================================================
Received Import Request.
  Time since last request: 801.923197 seconds.
  path: Assets/Scripts/LevelManager/ArtPiece.cs
  artifactKey: Guid(6f393d647beab5c4c8c95a3ded9629c4) Importer(815301076,1909f56bfc062723c751e8b465ee728b)
Start importing Assets/Scripts/LevelManager/ArtPiece.cs using Guid(6f393d647beab5c4c8c95a3ded9629c4) Importer(815301076,1909f56bfc062723c751e8b465ee728b)  -> (artifact id: '5d981d65da828b5cc3fb2a6e4e7176ca') in 0.044432 seconds
  Import took 0.047466 seconds .

========================================================================
Received Prepare
Registering precompiled user dll's ...
Registered in 0.001457 seconds.
Begin MonoManager ReloadAssembly
Native extension for WindowsStandalone target not found
Refreshing native plugins compatible for Editor in 0.69 ms, found 0 plugins.
Preloading 0 native plugins for Editor in 0.00 ms.
Invoked RoslynAnalysisRunner static constructor.
RoslynAnalysisRunner will not be running.
RoslynAnalysisRunner has terminated.
Mono: successfully reloaded assembly
- Completed reload, in  1.716 seconds
Platform modules already initialized, skipping
Switching build target platform(5) subTarget(0) extendedPlatform(0) -> platform(13) subTarget(537395200) extendedPlatform(0)
Refreshing native plugins compatible for Editor in 0.41 ms, found 0 plugins.
Preloading 0 native plugins for Editor in 0.00 ms.
Unloading 1397 Unused Serialized files (Serialized files now loaded: 0)
System memory in use before: 70.0 MB.
System memory in use after: 70.0 MB.

Unloading 21 unused Assets to reduce memory usage. Loaded Objects now: 1884.
Total: 2.310900 ms (FindLiveObjects: 0.392600 ms CreateObjectMapping: 0.100400 ms MarkObjects: 1.725600 ms  DeleteObjects: 0.090300 ms)

AssetImportParameters requested are different than current active one (requested -> active):
  custom:graphics/normal-map-encoding: 01000000000000000000000000000000 -> 02000000000000000000000000000000
========================================================================
Received Import Request.
  Time since last request: 34.845253 seconds.
  path: Assets/Prefabs/Levels/Level Pieces/Piece 02.prefab
  artifactKey: Guid(87dd7601309bcbe4d9e5e06fc76b729b) Importer(815301076,1909f56bfc062723c751e8b465ee728b)
Start importing Assets/Prefabs/Levels/Level Pieces/Piece 02.prefab using Guid(87dd7601309bcbe4d9e5e06fc76b729b) Importer(815301076,1909f56bfc062723c751e8b465ee728b)  -> (artifact id: '8d04789d3b38000a945e6ed363093246') in 0.118461 seconds
  Import took 0.122452 seconds .

========================================================================
Received Import Request.
  Time since last request: 3.110677 seconds.
  path: Assets/Prefabs/Levels/Level Pieces/Piece 02.prefab
  artifactKey: Guid(87dd7601309bcbe4d9e5e06fc76b729b) Importer(815301076,1909f56bfc062723c751e8b465ee728b)
Start importing Assets/Prefabs/Levels/Level Pieces/Piece 02.prefab using Guid(87dd7601309bcbe4d9e5e06fc76b729b) Importer(815301076,1909f56bfc062723c751e8b465ee728b)  -> (artifact id: 'd9f3e23033267fc79117247595b2e3fc') in 0.049589 seconds
  Import took 0.053246 seconds .

========================================================================
Received Import Request.
  Time since last request: 10.396717 seconds.
  path: Assets/Prefabs/Levels/Level Pieces/Piece 02.prefab
  artifactKey: Guid(87dd7601309bcbe4d9e5e06fc76b729b) Importer(815301076,1909f56bfc062723c751e8b465ee728b)
Start importing Assets/Prefabs/Levels/Level Pieces/Piece 02.prefab using Guid(87dd7601309bcbe4d9e5e06fc76b729b) Importer(815301076,1909f56bfc062723c751e8b465ee728b)  -> (artifact id: '0503cf1836a522a4d9da9fed21ec272e') in 0.055987 seconds
  Import took 0.059807 seconds .

========================================================================
Received Import Request.
  Time since last request: 10.225381 seconds.
  path: Assets/Prefabs/Levels/Level Pieces/Piece 02.prefab
  artifactKey: Guid(87dd7601309bcbe4d9e5e06fc76b729b) Importer(815301076,1909f56bfc062723c751e8b465ee728b)
Start importing Assets/Prefabs/Levels/Level Pieces/Piece 02.prefab using Guid(87dd7601309bcbe4d9e5e06fc76b729b) Importer(815301076,1909f56bfc062723c751e8b465ee728b)  -> (artifact id: 'b2f5992bba0015bbf7ffa58076d59ace') in 0.052595 seconds
  Import took 0.055805 seconds .

========================================================================
Received Import Request.
  Time since last request: 9.595125 seconds.
  path: Assets/Prefabs/Levels/Level Pieces/Piece 02.prefab
  artifactKey: Guid(87dd7601309bcbe4d9e5e06fc76b729b) Importer(815301076,1909f56bfc062723c751e8b465ee728b)
Start importing Assets/Prefabs/Levels/Level Pieces/Piece 02.prefab using Guid(87dd7601309bcbe4d9e5e06fc76b729b) Importer(815301076,1909f56bfc062723c751e8b465ee728b)  -> (artifact id: 'ae8645db27e2d0056afa223e44f18180') in 0.054577 seconds
  Import took 0.059047 seconds .

========================================================================
Received Import Request.
  Time since last request: 0.008207 seconds.
  path: Assets/Prefabs/Levels/Level Pieces/Piece 02.prefab
  artifactKey: Guid(87dd7601309bcbe4d9e5e06fc76b729b) Importer(815301076,1909f56bfc062723c751e8b465ee728b)
Start importing Assets/Prefabs/Levels/Level Pieces/Piece 02.prefab using Guid(87dd7601309bcbe4d9e5e06fc76b729b) Importer(815301076,1909f56bfc062723c751e8b465ee728b)  -> (artifact id: 'ae8645db27e2d0056afa223e44f18180') in 0.051460 seconds
  Import took 0.054906 seconds .

========================================================================
Received Import Request.
  Time since last request: 5.219973 seconds.
  path: Assets/Prefabs/Levels/Level Pieces/Art_Type_0.prefab
  artifactKey: Guid(45e7ea19d2b49f54095ac421f0ec2d28) Importer(815301076,1909f56bfc062723c751e8b465ee728b)
Start importing Assets/Prefabs/Levels/Level Pieces/Art_Type_0.prefab using Guid(45e7ea19d2b49f54095ac421f0ec2d28) Importer(815301076,1909f56bfc062723c751e8b465ee728b)  -> (artifact id: '9855932ddccdd2cc911b55ca63f6f99b') in 0.051210 seconds
  Import took 0.055246 seconds .

========================================================================
Received Import Request.
  Time since last request: 0.000993 seconds.
  path: Assets/Prefabs/Levels/Level Pieces/Art_Type_0.prefab
  artifactKey: Guid(45e7ea19d2b49f54095ac421f0ec2d28) Importer(815301076,1909f56bfc062723c751e8b465ee728b)
Start importing Assets/Prefabs/Levels/Level Pieces/Art_Type_0.prefab using Guid(45e7ea19d2b49f54095ac421f0ec2d28) Importer(815301076,1909f56bfc062723c751e8b465ee728b)  -> (artifact id: '9855932ddccdd2cc911b55ca63f6f99b') in 0.051651 seconds
  Import took 0.055348 seconds .

========================================================================
Received Import Request.
  Time since last request: 0.000110 seconds.
  path: Assets/Prefabs/Levels/Level Pieces/Piece 02.prefab
  artifactKey: Guid(87dd7601309bcbe4d9e5e06fc76b729b) Importer(815301076,1909f56bfc062723c751e8b465ee728b)
Start importing Assets/Prefabs/Levels/Level Pieces/Piece 02.prefab using Guid(87dd7601309bcbe4d9e5e06fc76b729b) Importer(815301076,1909f56bfc062723c751e8b465ee728b)  -> (artifact id: '60d78ad790811cc9b23d3cf0f4e1e03c') in 0.049191 seconds
  Import took 0.052591 seconds .

========================================================================
Received Import Request.
  Time since last request: 11.986725 seconds.
  path: Assets/Prefabs/Levels/Level Pieces/Piece 02.prefab
  artifactKey: Guid(87dd7601309bcbe4d9e5e06fc76b729b) Importer(815301076,1909f56bfc062723c751e8b465ee728b)
Start importing Assets/Prefabs/Levels/Level Pieces/Piece 02.prefab using Guid(87dd7601309bcbe4d9e5e06fc76b729b) Importer(815301076,1909f56bfc062723c751e8b465ee728b)  -> (artifact id: 'e68f26918533fd6ae614bd04231ee3a7') in 0.048287 seconds
  Import took 0.052600 seconds .

========================================================================
Received Import Request.
  Time since last request: 6.819926 seconds.
  path: Assets/Prefabs/Levels/Level Pieces/Piece 02.prefab
  artifactKey: Guid(87dd7601309bcbe4d9e5e06fc76b729b) Importer(815301076,1909f56bfc062723c751e8b465ee728b)
Start importing Assets/Prefabs/Levels/Level Pieces/Piece 02.prefab using Guid(87dd7601309bcbe4d9e5e06fc76b729b) Importer(815301076,1909f56bfc062723c751e8b465ee728b)  -> (artifact id: 'feb6e9d2308b89041718cf742bb4d491') in 0.045245 seconds
  Import took 0.048554 seconds .

========================================================================
Received Import Request.
  Time since last request: 4.154349 seconds.
  path: Assets/Prefabs/Levels/Level Pieces/Piece 02.prefab
  artifactKey: Guid(87dd7601309bcbe4d9e5e06fc76b729b) Importer(815301076,1909f56bfc062723c751e8b465ee728b)
Start importing Assets/Prefabs/Levels/Level Pieces/Piece 02.prefab using Guid(87dd7601309bcbe4d9e5e06fc76b729b) Importer(815301076,1909f56bfc062723c751e8b465ee728b)  -> (artifact id: '4b2e0f36ed47c5561a5fffb0c7e79c21') in 0.047495 seconds
  Import took 0.051469 seconds .

========================================================================
Received Import Request.
  Time since last request: 4.197097 seconds.
  path: Assets/Prefabs/Levels/Level Pieces/Piece 02.prefab
  artifactKey: Guid(87dd7601309bcbe4d9e5e06fc76b729b) Importer(815301076,1909f56bfc062723c751e8b465ee728b)
Start importing Assets/Prefabs/Levels/Level Pieces/Piece 02.prefab using Guid(87dd7601309bcbe4d9e5e06fc76b729b) Importer(815301076,1909f56bfc062723c751e8b465ee728b)  -> (artifact id: '0dac0ae40b6386d3c6827b19c5599485') in 0.047086 seconds
  Import took 0.050565 seconds .

========================================================================
Received Import Request.
  Time since last request: 7.058075 seconds.
  path: Assets/Prefabs/Levels/Level Pieces/Piece 02.prefab
  artifactKey: Guid(87dd7601309bcbe4d9e5e06fc76b729b) Importer(815301076,1909f56bfc062723c751e8b465ee728b)
Start importing Assets/Prefabs/Levels/Level Pieces/Piece 02.prefab using Guid(87dd7601309bcbe4d9e5e06fc76b729b) Importer(815301076,1909f56bfc062723c751e8b465ee728b)  -> (artifact id: 'd2ab70503f5751c2efad123d669a4e63') in 0.057737 seconds
  Import took 0.061506 seconds .

========================================================================
Received Import Request.
  Time since last request: 5.810722 seconds.
  path: Assets/Prefabs/Levels/Level Pieces/Piece 02.prefab
  artifactKey: Guid(87dd7601309bcbe4d9e5e06fc76b729b) Importer(815301076,1909f56bfc062723c751e8b465ee728b)
Start importing Assets/Prefabs/Levels/Level Pieces/Piece 02.prefab using Guid(87dd7601309bcbe4d9e5e06fc76b729b) Importer(815301076,1909f56bfc062723c751e8b465ee728b)  -> (artifact id: '23fd8d04bc1fd74f2017e9ade45c2dad') in 0.046293 seconds
  Import took 0.049791 seconds .

========================================================================
Received Prepare
Registering precompiled user dll's ...
Registered in 0.003094 seconds.
Begin MonoManager ReloadAssembly
Native extension for WindowsStandalone target not found
Refreshing native plugins compatible for Editor in 0.45 ms, found 0 plugins.
Preloading 0 native plugins for Editor in 0.00 ms.
Invoked RoslynAnalysisRunner static constructor.
RoslynAnalysisRunner will not be running.
RoslynAnalysisRunner has terminated.
Mono: successfully reloaded assembly
- Completed reload, in  1.010 seconds
Platform modules already initialized, skipping
Switching build target platform(5) subTarget(0) extendedPlatform(0) -> platform(13) subTarget(537395200) extendedPlatform(0)
Refreshing native plugins compatible for Editor in 0.42 ms, found 0 plugins.
Preloading 0 native plugins for Editor in 0.00 ms.
Unloading 1397 Unused Serialized files (Serialized files now loaded: 0)
System memory in use before: 70.0 MB.
System memory in use after: 70.1 MB.

Unloading 22 unused Assets to reduce memory usage. Loaded Objects now: 1888.
Total: 2.490800 ms (FindLiveObjects: 0.221800 ms CreateObjectMapping: 0.058400 ms MarkObjects: 2.118500 ms  DeleteObjects: 0.090300 ms)

AssetImportParameters requested are different than current active one (requested -> active):
  custom:graphics/normal-map-encoding: 01000000000000000000000000000000 -> 02000000000000000000000000000000
========================================================================
Received Import Request.
  Time since last request: 59.871777 seconds.
  path: Assets/Prefabs/Levels/Level Pieces/Piece 02.prefab
  artifactKey: Guid(87dd7601309bcbe4d9e5e06fc76b729b) Importer(815301076,1909f56bfc062723c751e8b465ee728b)
Start importing Assets/Prefabs/Levels/Level Pieces/Piece 02.prefab using Guid(87dd7601309bcbe4d9e5e06fc76b729b) Importer(815301076,1909f56bfc062723c751e8b465ee728b)  -> (artifact id: 'f196bb5c741701c8574054b1a9ced8a6') in 0.098188 seconds
  Import took 0.101413 seconds .

========================================================================
Received Import Request.
  Time since last request: 3.365754 seconds.
  path: Assets/Prefabs/Levels/Level Pieces/Piece 02.prefab
  artifactKey: Guid(87dd7601309bcbe4d9e5e06fc76b729b) Importer(815301076,1909f56bfc062723c751e8b465ee728b)
Start importing Assets/Prefabs/Levels/Level Pieces/Piece 02.prefab using Guid(87dd7601309bcbe4d9e5e06fc76b729b) Importer(815301076,1909f56bfc062723c751e8b465ee728b)  -> (artifact id: 'bc60961c910d01ece34d465378df4d70') in 0.059222 seconds
  Import took 0.063163 seconds .

========================================================================
Received Import Request.
  Time since last request: 19.822282 seconds.
  path: Assets/Prefabs/Player.prefab
  artifactKey: Guid(067992f4049062947a40f0943d1e3d78) Importer(815301076,1909f56bfc062723c751e8b465ee728b)
Start importing Assets/Prefabs/Player.prefab using Guid(067992f4049062947a40f0943d1e3d78) Importer(815301076,1909f56bfc062723c751e8b465ee728b)  -> (artifact id: '2c8063eb6a7252f775167ae9b2858590') in 1.494787 seconds
  Import took 1.505479 seconds .

========================================================================
Received Prepare
Registering precompiled user dll's ...
Registered in 0.001556 seconds.
Begin MonoManager ReloadAssembly
Native extension for WindowsStandalone target not found
Refreshing native plugins compatible for Editor in 0.45 ms, found 0 plugins.
Preloading 0 native plugins for Editor in 0.00 ms.
Invoked RoslynAnalysisRunner static constructor.
RoslynAnalysisRunner will not be running.
RoslynAnalysisRunner has terminated.
Mono: successfully reloaded assembly
- Completed reload, in  1.017 seconds
Platform modules already initialized, skipping
Switching build target platform(5) subTarget(0) extendedPlatform(0) -> platform(13) subTarget(537395200) extendedPlatform(0)
Refreshing native plugins compatible for Editor in 0.41 ms, found 0 plugins.
Preloading 0 native plugins for Editor in 0.00 ms.
Unloading 1397 Unused Serialized files (Serialized files now loaded: 0)
System memory in use before: 83.7 MB.
System memory in use after: 83.8 MB.

Unloading 22 unused Assets to reduce memory usage. Loaded Objects now: 1893.
Total: 3.445400 ms (FindLiveObjects: 0.369000 ms CreateObjectMapping: 0.108600 ms MarkObjects: 2.831700 ms  DeleteObjects: 0.133500 ms)

AssetImportParameters requested are different than current active one (requested -> active):
  custom:graphics/normal-map-encoding: 01000000000000000000000000000000 -> 02000000000000000000000000000000
========================================================================
Received Prepare
Registering precompiled user dll's ...
Registered in 0.001459 seconds.
Begin MonoManager ReloadAssembly
Native extension for WindowsStandalone target not found
Refreshing native plugins compatible for Editor in 0.46 ms, found 0 plugins.
Preloading 0 native plugins for Editor in 0.00 ms.
Invoked RoslynAnalysisRunner static constructor.
RoslynAnalysisRunner will not be running.
RoslynAnalysisRunner has terminated.
Mono: successfully reloaded assembly
- Completed reload, in  1.030 seconds
Platform modules already initialized, skipping
Switching build target platform(5) subTarget(0) extendedPlatform(0) -> platform(13) subTarget(537395200) extendedPlatform(0)
Refreshing native plugins compatible for Editor in 0.42 ms, found 0 plugins.
Preloading 0 native plugins for Editor in 0.00 ms.
Unloading 1397 Unused Serialized files (Serialized files now loaded: 0)
System memory in use before: 83.7 MB.
System memory in use after: 83.8 MB.

Unloading 21 unused Assets to reduce memory usage. Loaded Objects now: 1896.
Total: 2.013000 ms (FindLiveObjects: 0.196800 ms CreateObjectMapping: 0.062100 ms MarkObjects: 1.678700 ms  DeleteObjects: 0.074200 ms)

AssetImportParameters requested are different than current active one (requested -> active):
  custom:graphics/normal-map-encoding: 01000000000000000000000000000000 -> 02000000000000000000000000000000
========================================================================
Received Import Request.
  Time since last request: 353.778489 seconds.
  path: Assets/Prefabs/Levels/Level Pieces/Piece 02.prefab
  artifactKey: Guid(87dd7601309bcbe4d9e5e06fc76b729b) Importer(815301076,1909f56bfc062723c751e8b465ee728b)
Start importing Assets/Prefabs/Levels/Level Pieces/Piece 02.prefab using Guid(87dd7601309bcbe4d9e5e06fc76b729b) Importer(815301076,1909f56bfc062723c751e8b465ee728b)  -> (artifact id: '121eddcb4b0bacffab5d32ffaa7263dd') in 0.186013 seconds
  Import took 0.189698 seconds .

========================================================================
Received Prepare
Registering precompiled user dll's ...
Registered in 0.001455 seconds.
Begin MonoManager ReloadAssembly
Native extension for WindowsStandalone target not found
Refreshing native plugins compatible for Editor in 0.51 ms, found 0 plugins.
Preloading 0 native plugins for Editor in 0.00 ms.
Invoked RoslynAnalysisRunner static constructor.
RoslynAnalysisRunner will not be running.
RoslynAnalysisRunner has terminated.
Mono: successfully reloaded assembly
- Completed reload, in  1.132 seconds
Platform modules already initialized, skipping
Switching build target platform(5) subTarget(0) extendedPlatform(0) -> platform(13) subTarget(537395200) extendedPlatform(0)
Refreshing native plugins compatible for Editor in 0.44 ms, found 0 plugins.
Preloading 0 native plugins for Editor in 0.00 ms.
Unloading 1397 Unused Serialized files (Serialized files now loaded: 0)
System memory in use before: 83.7 MB.
System memory in use after: 83.8 MB.

Unloading 22 unused Assets to reduce memory usage. Loaded Objects now: 1900.
Total: 2.649800 ms (FindLiveObjects: 0.421500 ms CreateObjectMapping: 0.093700 ms MarkObjects: 2.041600 ms  DeleteObjects: 0.090700 ms)

AssetImportParameters requested are different than current active one (requested -> active):
  custom:graphics/normal-map-encoding: 01000000000000000000000000000000 -> 02000000000000000000000000000000
========================================================================
Received Import Request.
  Time since last request: 14.783860 seconds.
  path: Assets/Prefabs/Levels/Level Pieces/Piece 02.prefab
  artifactKey: Guid(87dd7601309bcbe4d9e5e06fc76b729b) Importer(815301076,1909f56bfc062723c751e8b465ee728b)
Start importing Assets/Prefabs/Levels/Level Pieces/Piece 02.prefab using Guid(87dd7601309bcbe4d9e5e06fc76b729b) Importer(815301076,1909f56bfc062723c751e8b465ee728b)  -> (artifact id: '5900bb734fc40adeb9678f9d0786d618') in 0.099647 seconds
  Import took 0.102755 seconds .

========================================================================
Received Import Request.
  Time since last request: 8.002459 seconds.
  path: Assets/Prefabs/Levels/Level Pieces/Piece 02.prefab
  artifactKey: Guid(87dd7601309bcbe4d9e5e06fc76b729b) Importer(815301076,1909f56bfc062723c751e8b465ee728b)
Start importing Assets/Prefabs/Levels/Level Pieces/Piece 02.prefab using Guid(87dd7601309bcbe4d9e5e06fc76b729b) Importer(815301076,1909f56bfc062723c751e8b465ee728b)  -> (artifact id: 'b725f412fb0bfe9848e620ae232ea86b') in 0.046275 seconds
  Import took 0.049651 seconds .

========================================================================
Received Import Request.
  Time since last request: 76.933742 seconds.
  path: Assets/Prefabs/Levels/Level Pieces/Piece 02.prefab
  artifactKey: Guid(87dd7601309bcbe4d9e5e06fc76b729b) Importer(815301076,1909f56bfc062723c751e8b465ee728b)
Start importing Assets/Prefabs/Levels/Level Pieces/Piece 02.prefab using Guid(87dd7601309bcbe4d9e5e06fc76b729b) Importer(815301076,1909f56bfc062723c751e8b465ee728b)  -> (artifact id: '6c9d0002aa0d2853dee35b115b9772b9') in 0.054231 seconds
  Import took 0.057578 seconds .

========================================================================
Received Import Request.
  Time since last request: 2.587034 seconds.
  path: Assets/Prefabs/Levels/Level Pieces/Piece 02.prefab
  artifactKey: Guid(87dd7601309bcbe4d9e5e06fc76b729b) Importer(815301076,1909f56bfc062723c751e8b465ee728b)
Start importing Assets/Prefabs/Levels/Level Pieces/Piece 02.prefab using Guid(87dd7601309bcbe4d9e5e06fc76b729b) Importer(815301076,1909f56bfc062723c751e8b465ee728b)  -> (artifact id: 'a3144b2572d7491c12dcc8627540a8b2') in 0.052483 seconds
  Import took 0.055764 seconds .

========================================================================
Received Import Request.
  Time since last request: 11.160573 seconds.
  path: Assets/Prefabs/Levels/Level Pieces/Art_Type_0.prefab
  artifactKey: Guid(45e7ea19d2b49f54095ac421f0ec2d28) Importer(815301076,1909f56bfc062723c751e8b465ee728b)
Start importing Assets/Prefabs/Levels/Level Pieces/Art_Type_0.prefab using Guid(45e7ea19d2b49f54095ac421f0ec2d28) Importer(815301076,1909f56bfc062723c751e8b465ee728b)  -> (artifact id: '9c4aa719c8fe73b5188a1cc787b415a6') in 0.068811 seconds
  Import took 0.087429 seconds .

========================================================================
Received Import Request.
  Time since last request: 0.000082 seconds.
  path: Assets/Prefabs/Levels/Level Pieces/Piece 02.prefab
  artifactKey: Guid(87dd7601309bcbe4d9e5e06fc76b729b) Importer(815301076,1909f56bfc062723c751e8b465ee728b)
Start importing Assets/Prefabs/Levels/Level Pieces/Piece 02.prefab using Guid(87dd7601309bcbe4d9e5e06fc76b729b) Importer(815301076,1909f56bfc062723c751e8b465ee728b)  -> (artifact id: '3994d5572a52c489e7d826ea71a3d6fd') in 0.064717 seconds
  Import took 0.072315 seconds .

========================================================================
Received Import Request.
  Time since last request: 51.516438 seconds.
  path: Assets/Scripts/LevelManager/ArtManager.cs
  artifactKey: Guid(dd1d7f4ac2b2db944bdbcaefbc65ac22) Importer(815301076,1909f56bfc062723c751e8b465ee728b)
Start importing Assets/Scripts/LevelManager/ArtManager.cs using Guid(dd1d7f4ac2b2db944bdbcaefbc65ac22) Importer(815301076,1909f56bfc062723c751e8b465ee728b)  -> (artifact id: '744c742f7fee02630919ba09519ab28e') in 0.040017 seconds
  Import took 0.043269 seconds .

========================================================================
Received Prepare
Registering precompiled user dll's ...
Registered in 0.001462 seconds.
Begin MonoManager ReloadAssembly
Native extension for WindowsStandalone target not found
Refreshing native plugins compatible for Editor in 0.55 ms, found 0 plugins.
Preloading 0 native plugins for Editor in 0.00 ms.
Invoked RoslynAnalysisRunner static constructor.
RoslynAnalysisRunner will not be running.
RoslynAnalysisRunner has terminated.
Mono: successfully reloaded assembly
- Completed reload, in  1.478 seconds
Platform modules already initialized, skipping
Switching build target platform(5) subTarget(0) extendedPlatform(0) -> platform(13) subTarget(537395200) extendedPlatform(0)
Refreshing native plugins compatible for Editor in 0.68 ms, found 0 plugins.
Preloading 0 native plugins for Editor in 0.00 ms.
Unloading 1398 Unused Serialized files (Serialized files now loaded: 0)
System memory in use before: 83.9 MB.
System memory in use after: 83.9 MB.

Unloading 22 unused Assets to reduce memory usage. Loaded Objects now: 1905.
Total: 3.402600 ms (FindLiveObjects: 0.373100 ms CreateObjectMapping: 0.123200 ms MarkObjects: 2.795800 ms  DeleteObjects: 0.108100 ms)

AssetImportParameters requested are different than current active one (requested -> active):
  custom:graphics/normal-map-encoding: 01000000000000000000000000000000 -> 02000000000000000000000000000000
========================================================================
Received Prepare
Registering precompiled user dll's ...
Registered in 0.002319 seconds.
Begin MonoManager ReloadAssembly
Native extension for WindowsStandalone target not found
Refreshing native plugins compatible for Editor in 0.46 ms, found 0 plugins.
Preloading 0 native plugins for Editor in 0.00 ms.
Invoked RoslynAnalysisRunner static constructor.
RoslynAnalysisRunner will not be running.
RoslynAnalysisRunner has terminated.
Mono: successfully reloaded assembly
- Completed reload, in  1.146 seconds
Platform modules already initialized, skipping
Switching build target platform(5) subTarget(0) extendedPlatform(0) -> platform(13) subTarget(537395200) extendedPlatform(0)
Refreshing native plugins compatible for Editor in 0.41 ms, found 0 plugins.
Preloading 0 native plugins for Editor in 0.00 ms.
Unloading 1398 Unused Serialized files (Serialized files now loaded: 0)
System memory in use before: 83.9 MB.
System memory in use after: 83.9 MB.

Unloading 21 unused Assets to reduce memory usage. Loaded Objects now: 1908.
Total: 2.969500 ms (FindLiveObjects: 0.454300 ms CreateObjectMapping: 0.171300 ms MarkObjects: 2.243800 ms  DeleteObjects: 0.097700 ms)

AssetImportParameters requested are different than current active one (requested -> active):
  custom:graphics/normal-map-encoding: 01000000000000000000000000000000 -> 02000000000000000000000000000000
========================================================================
Received Import Request.
  Time since last request: 815.394564 seconds.
  path: Assets/Scripts/LevelManager/ArtManager.cs
  artifactKey: Guid(dd1d7f4ac2b2db944bdbcaefbc65ac22) Importer(815301076,1909f56bfc062723c751e8b465ee728b)
Start importing Assets/Scripts/LevelManager/ArtManager.cs using Guid(dd1d7f4ac2b2db944bdbcaefbc65ac22) Importer(815301076,1909f56bfc062723c751e8b465ee728b)  -> (artifact id: 'd7a2422bbcf95929de2b481a977c1ef9') in 0.032362 seconds
  Import took 0.035190 seconds .

========================================================================
Received Prepare
Registering precompiled user dll's ...
Registered in 0.002085 seconds.
Begin MonoManager ReloadAssembly
Native extension for WindowsStandalone target not found
Refreshing native plugins compatible for Editor in 0.45 ms, found 0 plugins.
Preloading 0 native plugins for Editor in 0.00 ms.
Invoked RoslynAnalysisRunner static constructor.
RoslynAnalysisRunner will not be running.
RoslynAnalysisRunner has terminated.
Mono: successfully reloaded assembly
- Completed reload, in  1.309 seconds
Platform modules already initialized, skipping
Switching build target platform(5) subTarget(0) extendedPlatform(0) -> platform(13) subTarget(537395200) extendedPlatform(0)
Refreshing native plugins compatible for Editor in 0.67 ms, found 0 plugins.
Preloading 0 native plugins for Editor in 0.00 ms.
Unloading 1398 Unused Serialized files (Serialized files now loaded: 0)
System memory in use before: 83.9 MB.
System memory in use after: 84.0 MB.

Unloading 21 unused Assets to reduce memory usage. Loaded Objects now: 1911.
Total: 5.146300 ms (FindLiveObjects: 0.645100 ms CreateObjectMapping: 0.825200 ms MarkObjects: 3.583100 ms  DeleteObjects: 0.089300 ms)

AssetImportParameters requested are different than current active one (requested -> active):
  custom:graphics/normal-map-encoding: 01000000000000000000000000000000 -> 02000000000000000000000000000000
========================================================================
Received Import Request.
  Time since last request: 108.615366 seconds.
  path: Assets/Scripts/LevelManager/ArtManager.cs
  artifactKey: Guid(dd1d7f4ac2b2db944bdbcaefbc65ac22) Importer(815301076,1909f56bfc062723c751e8b465ee728b)
Start importing Assets/Scripts/LevelManager/ArtManager.cs using Guid(dd1d7f4ac2b2db944bdbcaefbc65ac22) Importer(815301076,1909f56bfc062723c751e8b465ee728b)  -> (artifact id: '1b2cc07c7506fed7b8e6a570c2bd50aa') in 0.038540 seconds
  Import took 0.044876 seconds .

========================================================================
Received Import Request.
  Time since last request: 149.117636 seconds.
  path: Assets/Prefabs/Levels/Art
  artifactKey: Guid(537e841da43a5cd4697bf24c6cb1337c) Importer(815301076,1909f56bfc062723c751e8b465ee728b)
Start importing Assets/Prefabs/Levels/Art using Guid(537e841da43a5cd4697bf24c6cb1337c) Importer(815301076,1909f56bfc062723c751e8b465ee728b)  -> (artifact id: '66620685a62ca58d21807fe4d3d6a500') in 0.013646 seconds
  Import took 0.020404 seconds .

========================================================================
Received Import Request.
  Time since last request: 33.590603 seconds.
  path: Assets/Prefabs/Levels/Art/ArtPiece_Cube.prefab
  artifactKey: Guid(fe9e963fb7723814197638c6ec21643a) Importer(815301076,1909f56bfc062723c751e8b465ee728b)
Start importing Assets/Prefabs/Levels/Art/ArtPiece_Cube.prefab using Guid(fe9e963fb7723814197638c6ec21643a) Importer(815301076,1909f56bfc062723c751e8b465ee728b)  -> (artifact id: '8645be8f7ceff79c4f03b794ef3762e1') in 0.243902 seconds
  Import took 0.248021 seconds .

========================================================================
Received Import Request.
  Time since last request: 1.414921 seconds.
  path: Assets/Prefabs/Levels/Art/ArtPiece_Sphere.prefab
  artifactKey: Guid(10b3cfba12702fa4a8501f53acd89334) Importer(815301076,1909f56bfc062723c751e8b465ee728b)
Start importing Assets/Prefabs/Levels/Art/ArtPiece_Sphere.prefab using Guid(10b3cfba12702fa4a8501f53acd89334) Importer(815301076,1909f56bfc062723c751e8b465ee728b)  -> (artifact id: '937f930794c2cdaa595d06ed92f359df') in 0.058385 seconds
  Import took 0.064315 seconds .

========================================================================
Received Import Request.
  Time since last request: 0.002254 seconds.
  path: Assets/Prefabs/Levels/Art/ArtPiece_Sphere.prefab
  artifactKey: Guid(10b3cfba12702fa4a8501f53acd89334) Importer(815301076,1909f56bfc062723c751e8b465ee728b)
Start importing Assets/Prefabs/Levels/Art/ArtPiece_Sphere.prefab using Guid(10b3cfba12702fa4a8501f53acd89334) Importer(815301076,1909f56bfc062723c751e8b465ee728b)  -> (artifact id: '937f930794c2cdaa595d06ed92f359df') in 0.141916 seconds
  Import took 0.146090 seconds .

========================================================================
Received Import Request.
  Time since last request: 22.930949 seconds.
  path: Assets/Prefabs/Levels/Art/ArtPiece_Cube.prefab
  artifactKey: Guid(fe9e963fb7723814197638c6ec21643a) Importer(815301076,1909f56bfc062723c751e8b465ee728b)
Start importing Assets/Prefabs/Levels/Art/ArtPiece_Cube.prefab using Guid(fe9e963fb7723814197638c6ec21643a) Importer(815301076,1909f56bfc062723c751e8b465ee728b)  -> (artifact id: 'b910c98da366d1ebbfffdac06959d777') in 0.045787 seconds
  Import took 0.049220 seconds .

========================================================================
Received Import Request.
  Time since last request: 0.002841 seconds.
  path: Assets/Prefabs/Levels/Art/ArtPiece_Cube.prefab
  artifactKey: Guid(fe9e963fb7723814197638c6ec21643a) Importer(815301076,1909f56bfc062723c751e8b465ee728b)
Start importing Assets/Prefabs/Levels/Art/ArtPiece_Cube.prefab using Guid(fe9e963fb7723814197638c6ec21643a) Importer(815301076,1909f56bfc062723c751e8b465ee728b)  -> (artifact id: 'b910c98da366d1ebbfffdac06959d777') in 0.056421 seconds
  Import took 0.060558 seconds .

========================================================================
Received Import Request.
  Time since last request: 1.503259 seconds.
  path: Assets/Prefabs/Levels/Art/ArtPiece_Cube.prefab
  artifactKey: Guid(fe9e963fb7723814197638c6ec21643a) Importer(815301076,1909f56bfc062723c751e8b465ee728b)
Start importing Assets/Prefabs/Levels/Art/ArtPiece_Cube.prefab using Guid(fe9e963fb7723814197638c6ec21643a) Importer(815301076,1909f56bfc062723c751e8b465ee728b)  -> (artifact id: '9b9ef6a62e8d9cce768bec664ebf2d94') in 0.045590 seconds
  Import took 0.049156 seconds .

========================================================================
Received Import Request.
  Time since last request: 2.029886 seconds.
  path: Assets/Prefabs/Levels/Art/ArtPiece_Sphere.prefab
  artifactKey: Guid(10b3cfba12702fa4a8501f53acd89334) Importer(815301076,1909f56bfc062723c751e8b465ee728b)
Start importing Assets/Prefabs/Levels/Art/ArtPiece_Sphere.prefab using Guid(10b3cfba12702fa4a8501f53acd89334) Importer(815301076,1909f56bfc062723c751e8b465ee728b)  -> (artifact id: '1f55fe31282dc71475e5438765fc4689') in 0.042223 seconds
  Import took 0.046703 seconds .

========================================================================
Received Import Request.
  Time since last request: 0.009699 seconds.
  path: Assets/Prefabs/Levels/Art/ArtPiece_Sphere.prefab
  artifactKey: Guid(10b3cfba12702fa4a8501f53acd89334) Importer(815301076,1909f56bfc062723c751e8b465ee728b)
Start importing Assets/Prefabs/Levels/Art/ArtPiece_Sphere.prefab using Guid(10b3cfba12702fa4a8501f53acd89334) Importer(815301076,1909f56bfc062723c751e8b465ee728b)  -> (artifact id: '1f55fe31282dc71475e5438765fc4689') in 0.042669 seconds
  Import took 0.046151 seconds .

========================================================================
Received Import Request.
  Time since last request: 0.711014 seconds.
  path: Assets/Prefabs/Levels/Art/ArtPiece_Sphere.prefab
  artifactKey: Guid(10b3cfba12702fa4a8501f53acd89334) Importer(815301076,1909f56bfc062723c751e8b465ee728b)
Start importing Assets/Prefabs/Levels/Art/ArtPiece_Sphere.prefab using Guid(10b3cfba12702fa4a8501f53acd89334) Importer(815301076,1909f56bfc062723c751e8b465ee728b)  -> (artifact id: '710cc9b141540360fb44a14ef00e4924') in 0.050665 seconds
  Import took 0.055440 seconds .

========================================================================
Received Import Request.
  Time since last request: 1.593760 seconds.
  path: Assets/Prefabs/Levels/Art/ArtPiece_Sphere.prefab
  artifactKey: Guid(10b3cfba12702fa4a8501f53acd89334) Importer(815301076,1909f56bfc062723c751e8b465ee728b)
Start importing Assets/Prefabs/Levels/Art/ArtPiece_Sphere.prefab using Guid(10b3cfba12702fa4a8501f53acd89334) Importer(815301076,1909f56bfc062723c751e8b465ee728b)  -> (artifact id: '7f06ff1440bae4d56e9d7925b0e077e9') in 0.045392 seconds
  Import took 0.054417 seconds .

========================================================================
Received Prepare
Registering precompiled user dll's ...
Registered in 0.002114 seconds.
Begin MonoManager ReloadAssembly
Native extension for WindowsStandalone target not found
Refreshing native plugins compatible for Editor in 0.43 ms, found 0 plugins.
Preloading 0 native plugins for Editor in 0.00 ms.
Invoked RoslynAnalysisRunner static constructor.
RoslynAnalysisRunner will not be running.
RoslynAnalysisRunner has terminated.
Mono: successfully reloaded assembly
- Completed reload, in  1.151 seconds
Platform modules already initialized, skipping
Switching build target platform(5) subTarget(0) extendedPlatform(0) -> platform(13) subTarget(537395200) extendedPlatform(0)
Refreshing native plugins compatible for Editor in 0.42 ms, found 0 plugins.
Preloading 0 native plugins for Editor in 0.00 ms.
Unloading 1398 Unused Serialized files (Serialized files now loaded: 0)
System memory in use before: 83.9 MB.
System memory in use after: 84.0 MB.

Unloading 22 unused Assets to reduce memory usage. Loaded Objects now: 1915.
Total: 2.299300 ms (FindLiveObjects: 0.293400 ms CreateObjectMapping: 0.110600 ms MarkObjects: 1.798500 ms  DeleteObjects: 0.095100 ms)

AssetImportParameters requested are different than current active one (requested -> active):
  custom:graphics/normal-map-encoding: 01000000000000000000000000000000 -> 02000000000000000000000000000000
========================================================================
Received Prepare
Registering precompiled user dll's ...
Registered in 0.001507 seconds.
Begin MonoManager ReloadAssembly
Native extension for WindowsStandalone target not found
Refreshing native plugins compatible for Editor in 0.45 ms, found 0 plugins.
Preloading 0 native plugins for Editor in 0.00 ms.
Invoked RoslynAnalysisRunner static constructor.
RoslynAnalysisRunner will not be running.
RoslynAnalysisRunner has terminated.
Mono: successfully reloaded assembly
- Completed reload, in  1.389 seconds
Platform modules already initialized, skipping
Switching build target platform(5) subTarget(0) extendedPlatform(0) -> platform(13) subTarget(537395200) extendedPlatform(0)
Refreshing native plugins compatible for Editor in 0.41 ms, found 0 plugins.
Preloading 0 native plugins for Editor in 0.00 ms.
Unloading 1398 Unused Serialized files (Serialized files now loaded: 0)
System memory in use before: 83.9 MB.
System memory in use after: 84.0 MB.

Unloading 21 unused Assets to reduce memory usage. Loaded Objects now: 1918.
Total: 3.478300 ms (FindLiveObjects: 0.449300 ms CreateObjectMapping: 0.206100 ms MarkObjects: 2.720000 ms  DeleteObjects: 0.100200 ms)

AssetImportParameters requested are different than current active one (requested -> active):
  custom:graphics/normal-map-encoding: 01000000000000000000000000000000 -> 02000000000000000000000000000000
========================================================================
Received Prepare
Registering precompiled user dll's ...
Registered in 0.001477 seconds.
Begin MonoManager ReloadAssembly
Native extension for WindowsStandalone target not found
Refreshing native plugins compatible for Editor in 0.80 ms, found 0 plugins.
Preloading 0 native plugins for Editor in 0.00 ms.
Invoked RoslynAnalysisRunner static constructor.
RoslynAnalysisRunner will not be running.
RoslynAnalysisRunner has terminated.
Mono: successfully reloaded assembly
- Completed reload, in  1.752 seconds
Platform modules already initialized, skipping
Switching build target platform(5) subTarget(0) extendedPlatform(0) -> platform(13) subTarget(537395200) extendedPlatform(0)
Refreshing native plugins compatible for Editor in 0.41 ms, found 0 plugins.
Preloading 0 native plugins for Editor in 0.00 ms.
Unloading 1398 Unused Serialized files (Serialized files now loaded: 0)
System memory in use before: 83.9 MB.
System memory in use after: 84.0 MB.

Unloading 21 unused Assets to reduce memory usage. Loaded Objects now: 1921.
Total: 4.692300 ms (FindLiveObjects: 0.545900 ms CreateObjectMapping: 0.161800 ms MarkObjects: 3.894700 ms  DeleteObjects: 0.087500 ms)

AssetImportParameters requested are different than current active one (requested -> active):
  custom:graphics/normal-map-encoding: 01000000000000000000000000000000 -> 02000000000000000000000000000000
AssetImportWorkerClient::OnTransportError - code=2 error=End of file
